\BOOKMARK [0][-]{section*.2}{\376\377\060\327\060\355\060\270\060\247\060\257\060\310\060\156\212\010\165\073\146\370}{}% 1
\BOOKMARK [1][-]{section*.3}{\376\377\060\327\060\355\060\270\060\247\060\257\060\310\060\156\151\202\211\201}{section*.2}% 2
\BOOKMARK [2][-]{section*.4}{\376\377\060\327\060\355\060\270\060\247\060\257\060\310\060\156\230\114\166\356}{section*.3}% 3
\BOOKMARK [2][-]{section*.5}{\376\377\060\327\060\355\060\270\060\247\060\257\060\310\060\156\166\356\166\204}{section*.3}% 4
\BOOKMARK [2][-]{section*.6}{\376\377\145\342\133\130\060\156\142\200\210\123\060\150\060\327\060\355\060\270\060\247\060\257\060\310\060\156\162\354\201\352\140\047}{section*.3}% 5
\BOOKMARK [1][-]{section*.7}{\376\377\060\271\060\263\060\374\060\327\060\373\060\336\060\315\060\270\060\341\060\363\060\310}{section*.2}% 6
\BOOKMARK [2][-]{section*.8}{\376\377\142\020\147\234\162\151}{section*.7}% 7
\BOOKMARK [2][-]{section*.9}{\376\377\060\327\060\355\060\270\060\247\060\257\060\310\060\156\133\376\214\141\173\304\126\362\060\150\227\136\133\376\214\141\173\304\126\362}{section*.7}% 8
\BOOKMARK [2][-]{section*.10}{\376\377\152\137\200\375\122\006\211\343\151\313\220\040\000F\000B\000S}{section*.7}% 9
\BOOKMARK [2][-]{section*.11}{\376\377\210\375\124\301\122\006\211\343\151\313\220\040\000P\000B\000S}{section*.7}% 10
\BOOKMARK [2][-]{section*.12}{\376\377\000F\000B\000S\060\150\000P\000B\000S\060\156\133\376\137\334\225\242\117\302}{section*.7}% 11
\BOOKMARK [1][-]{section*.13}{\376\377\117\134\151\155\212\010\165\073}{section*.2}% 12
\BOOKMARK [2][-]{section*.14}{\376\377\117\134\151\155\122\006\211\343\151\313\220\040\000W\000B\000S\060\150\173\241\164\006\165\152\123\367}{section*.13}% 13
\BOOKMARK [2][-]{section*.15}{\376\377\060\242\060\355\060\374\060\300\060\244\060\242\060\260\060\351\060\340\060\150\060\257\060\352\060\306\060\243\060\253\060\353\060\321\060\271}{section*.13}% 14
\BOOKMARK [2][-]{section*.16}{\376\377\137\171\122\162\122\006\142\305}{section*.13}% 15
\BOOKMARK [2][-]{section*.17}{\376\377\060\254\060\363\060\310\060\301\060\343\060\374\060\310}{section*.13}% 16
\BOOKMARK [1][-]{section*.18}{\376\377\151\034\212\074\060\150\131\245\137\123\140\047\170\272\212\215\000:\000\040\000V\000\046\000V\212\010\165\073}{section*.2}% 17
\BOOKMARK [2][-]{section*.19}{\376\377\060\327\060\355\060\270\060\247\060\257\060\310\060\156\142\020\147\234\162\151\060\153\133\376\060\131\060\213\147\011\122\271\143\007\152\031\000M\000O\000E}{section*.18}% 18
\BOOKMARK [2][-]{section*.20}{\376\377\147\011\122\271\143\007\152\031\000M\000O\000E\060\153\133\376\137\334\060\131\060\213\140\047\200\375\143\007\152\031\000M\000O\000P}{section*.18}% 19
\BOOKMARK [2][-]{section*.21}{\376\377\060\267\060\271\060\306\060\340\060\306\060\271\060\310\060\147\212\125\117\241\060\131\060\213\140\047\200\375\143\007\152\031\000M\000O\000P}{section*.18}% 20
\BOOKMARK [2][-]{section*.22}{\376\377\175\120\124\010\060\306\060\271\060\310\060\147\212\125\117\241\060\131\060\213\140\047\200\375\143\007\152\031\000M\000O\000P}{section*.18}% 21
\BOOKMARK [2][-]{section*.23}{\376\377\123\130\117\123\060\306\060\271\060\310\060\147\212\125\117\241\060\131\060\213\140\047\200\375\143\007\152\031\000M\000O\000P}{section*.18}% 22
\BOOKMARK [2][-]{section*.24}{\376\377\060\327\060\355\060\270\060\247\060\257\060\310\116\055\060\153\166\343\211\226\060\131\060\213\142\200\210\123\140\047\200\375\143\007\152\031\000T\000P\000M}{section*.18}% 23
\BOOKMARK [2][-]{section*.25}{\376\377\060\327\060\355\060\270\060\247\060\257\060\310\116\055\060\153\166\343\211\226\060\131\060\213\143\007\152\031\000T\000P\000M}{section*.18}% 24
\BOOKMARK [1][-]{section*.26}{\376\377\214\307\156\220\060\373\212\277\220\124\173\241\164\006}{section*.2}% 25
\BOOKMARK [1][-]{section*.27}{\376\377\060\352\060\271\060\257\173\241\164\006}{section*.2}% 26
\BOOKMARK [0][-]{section*.28}{\376\377\060\267\060\271\060\306\060\340\060\156\127\372\147\054\212\055\212\010}{}% 27
\BOOKMARK [1][-]{section*.29}{\376\377\152\137\200\375\116\000\211\247}{section*.28}% 28
\BOOKMARK [1][-]{section*.30}{\376\377\060\267\060\271\060\306\060\340\151\313\142\020\126\363}{section*.28}% 29
\BOOKMARK [1][-]{section*.31}{\376\377\144\315\117\134\060\244\060\363\060\277\060\374\060\325\060\247\060\374\060\271\212\055\212\010}{section*.28}% 30
\BOOKMARK [1][-]{section*.32}{\376\377\162\266\141\113\220\167\171\373\126\363}{section*.28}% 31
\BOOKMARK [0][-]{section*.33}{\376\377\060\267\060\271\060\306\060\340\060\156\212\163\175\060\212\055\212\010}{}% 32
\BOOKMARK [1][-]{section*.34}{\376\377\220\350\124\301\116\000\211\247}{section*.33}% 33
\BOOKMARK [1][-]{section*.35}{\376\377\060\317\060\374\060\311\060\246\060\247\060\242\212\055\212\010}{section*.33}% 34
\BOOKMARK [1][-]{section*.36}{\376\377\060\275\060\325\060\310\060\246\060\247\060\242\212\055\212\010}{section*.33}% 35
\BOOKMARK [2][-]{section*.37}{\376\377\060\325\060\241\060\244\060\353\151\313\142\020}{section*.36}% 36
\BOOKMARK [2][-]{section*.38}{\376\377\060\252\060\326\060\270\060\247\060\257\060\310\212\055\212\010\000\050\060\257\060\351\060\271\126\363\000\051}{section*.36}% 37
\BOOKMARK [2][-]{section*.39}{\376\377\225\242\145\160\212\055\212\010}{section*.36}% 38
\BOOKMARK [1][-]{section*.40}{\376\377\121\346\164\006\060\325\060\355\060\374\060\156\212\055\212\010}{section*.33}% 39
\BOOKMARK [1][-]{section*.41}{\376\377\060\306\060\271\060\310\060\156\212\055\212\010}{section*.33}% 40
